# JRE version: OpenJDK Runtime Environment (8.0_152-b01) (build 1.8.0_152-release-1024-b01)
# Java VM: OpenJDK 64-Bit Server VM (25.152-b01 mixed mode linux-amd64 compressed oops)
Heap:
 PSYoungGen      total 419328K, used 896K [0x00000000e0000000, 0x00000000fbb00000, 0x0000000100000000)
  eden space 385024K, 0% used [0x00000000e0000000,0x00000000e0000000,0x00000000f7800000)
  from space 34304K, 2% used [0x00000000f7800000,0x00000000f78e0000,0x00000000f9980000)
  to   space 27648K, 0% used [0x00000000fa000000,0x00000000fa000000,0x00000000fbb00000)
 ParOldGen       total 143872K, used 72380K [0x00000000a0000000, 0x00000000a8c80000, 0x00000000e0000000)
  object space 143872K, 50% used [0x00000000a0000000,0x00000000a46af340,0x00000000a8c80000)
 Metaspace       used 93544K, capacity 98200K, committed 98648K, reserved 1134592K
  class space    used 11851K, capacity 12800K, committed 12928K, reserved 1048576K
GC Heap History (10 events):
Event: 1881.172 GC heap after
Heap after GC invocations=30 (full 4):
 PSYoungGen      total 304128K, used 0K [0x00000000e0000000, 0x00000000f4f00000, 0x0000000100000000)
  eden space 274432K, 0% used [0x00000000e0000000,0x00000000e0000000,0x00000000f0c00000)
  from space 29696K, 0% used [0x00000000f3200000,0x00000000f3200000,0x00000000f4f00000)
  to   space 34304K, 0% used [0x00000000f0c00000,0x00000000f0c00000,0x00000000f2d80000)
 ParOldGen       total 143872K, used 70860K [0x00000000a0000000, 0x00000000a8c80000, 0x00000000e0000000)
  object space 143872K, 49% used [0x00000000a0000000,0x00000000a45332d0,0x00000000a8c80000)
 Metaspace       used 91906K, capacity 96474K, committed 96984K, reserved 1134592K
  class space    used 11779K, capacity 12695K, committed 12800K, reserved 1048576K
}
Event: 1886.599 GC heap before
{Heap before GC invocations=31 (full 4):
 PSYoungGen      total 304128K, used 274432K [0x00000000e0000000, 0x00000000f4f00000, 0x0000000100000000)
  eden space 274432K, 100% used [0x00000000e0000000,0x00000000f0c00000,0x00000000f0c00000)
  from space 29696K, 0% used [0x00000000f3200000,0x00000000f3200000,0x00000000f4f00000)
  to   space 34304K, 0% used [0x00000000f0c00000,0x00000000f0c00000,0x00000000f2d80000)
 ParOldGen       total 143872K, used 70860K [0x00000000a0000000, 0x00000000a8c80000, 0x00000000e0000000)
  object space 143872K, 49% used [0x00000000a0000000,0x00000000a45332d0,0x00000000a8c80000)
 Metaspace       used 93172K, capacity 97744K, committed 98136K, reserved 1134592K
  class space    used 11843K, capacity 12768K, committed 12928K, reserved 1048576K
Event: 1886.640 GC heap after
Heap after GC invocations=31 (full 4):
 PSYoungGen      total 308736K, used 6014K [0x00000000e0000000, 0x00000000f8a00000, 0x0000000100000000)
  eden space 274432K, 0% used [0x00000000e0000000,0x00000000e0000000,0x00000000f0c00000)
  from space 34304K, 17% used [0x00000000f0c00000,0x00000000f11dfb20,0x00000000f2d80000)
  to   space 34304K, 0% used [0x00000000f6880000,0x00000000f6880000,0x00000000f8a00000)
 ParOldGen       total 143872K, used 70868K [0x00000000a0000000, 0x00000000a8c80000, 0x00000000e0000000)
  object space 143872K, 49% used [0x00000000a0000000,0x00000000a45352d0,0x00000000a8c80000)
 Metaspace       used 93172K, capacity 97744K, committed 98136K, reserved 1134592K
  class space    used 11843K, capacity 12768K, committed 12928K, reserved 1048576K
}
Event: 1890.002 GC heap before
{Heap before GC invocations=32 (full 4):
 PSYoungGen      total 308736K, used 280446K [0x00000000e0000000, 0x00000000f8a00000, 0x0000000100000000)
  eden space 274432K, 100% used [0x00000000e0000000,0x00000000f0c00000,0x00000000f0c00000)
  from space 34304K, 17% used [0x00000000f0c00000,0x00000000f11dfb20,0x00000000f2d80000)
  to   space 34304K, 0% used [0x00000000f6880000,0x00000000f6880000,0x00000000f8a00000)
 ParOldGen       total 143872K, used 70868K [0x00000000a0000000, 0x00000000a8c80000, 0x00000000e0000000)
  object space 143872K, 49% used [0x00000000a0000000,0x00000000a45352d0,0x00000000a8c80000)
 Metaspace       used 93386K, capacity 97988K, committed 98392K, reserved 1134592K
  class space    used 11849K, capacity 12800K, committed 12928K, reserved 1048576K
Event: 1890.030 GC heap after
Heap after GC invocations=32 (full 4):
 PSYoungGen      total 359936K, used 5324K [0x00000000e0000000, 0x00000000f8580000, 0x0000000100000000)
  eden space 330240K, 0% used [0x00000000e0000000,0x00000000e0000000,0x00000000f4280000)
  from space 29696K, 17% used [0x00000000f6880000,0x00000000f6db3128,0x00000000f8580000)
  to   space 34304K, 0% used [0x00000000f4280000,0x00000000f4280000,0x00000000f6400000)
 ParOldGen       total 143872K, used 70876K [0x00000000a0000000, 0x00000000a8c80000, 0x00000000e0000000)
  object space 143872K, 49% used [0x00000000a0000000,0x00000000a45372d0,0x00000000a8c80000)
 Metaspace       used 93386K, capacity 97988K, committed 98392K, reserved 1134592K
  class space    used 11849K, capacity 12800K, committed 12928K, reserved 1048576K
}
Event: 1893.896 GC heap before
{Heap before GC invocations=33 (full 4):
 PSYoungGen      total 359936K, used 335564K [0x00000000e0000000, 0x00000000f8580000, 0x0000000100000000)
  eden space 330240K, 100% used [0x00000000e0000000,0x00000000f4280000,0x00000000f4280000)
  from space 29696K, 17% used [0x00000000f6880000,0x00000000f6db3128,0x00000000f8580000)
  to   space 34304K, 0% used [0x00000000f4280000,0x00000000f4280000,0x00000000f6400000)
 ParOldGen       total 143872K, used 70876K [0x00000000a0000000, 0x00000000a8c80000, 0x00000000e0000000)
  object space 143872K, 49% used [0x00000000a0000000,0x00000000a45372d0,0x00000000a8c80000)
 Metaspace       used 93438K, capacity 98124K, committed 98392K, reserved 1134592K
  class space    used 11850K, capacity 12800K, committed 12928K, reserved 1048576K
Event: 1893.918 GC heap after
Heap after GC invocations=33 (full 4):
 PSYoungGen      total 364544K, used 1705K [0x00000000e0000000, 0x00000000fc180000, 0x0000000100000000)
  eden space 330240K, 0% used [0x00000000e0000000,0x00000000e0000000,0x00000000f4280000)
  from space 34304K, 4% used [0x00000000f4280000,0x00000000f442a5a0,0x00000000f6400000)
  to   space 34304K, 0% used [0x00000000fa000000,0x00000000fa000000,0x00000000fc180000)
 ParOldGen       total 143872K, used 72348K [0x00000000a0000000, 0x00000000a8c80000, 0x00000000e0000000)
  object space 143872K, 50% used [0x00000000a0000000,0x00000000a46a7340,0x00000000a8c80000)
 Metaspace       used 93438K, capacity 98124K, committed 98392K, reserved 1134592K
  class space    used 11850K, capacity 12800K, committed 12928K, reserved 1048576K
}
Event: 1897.680 GC heap before
{Heap before GC invocations=34 (full 4):
 PSYoungGen      total 364544K, used 331945K [0x00000000e0000000, 0x00000000fc180000, 0x0000000100000000)
  eden space 330240K, 100% used [0x00000000e0000000,0x00000000f4280000,0x00000000f4280000)
  from space 34304K, 4% used [0x00000000f4280000,0x00000000f442a5a0,0x00000000f6400000)
  to   space 34304K, 0% used [0x00000000fa000000,0x00000000fa000000,0x00000000fc180000)
 ParOldGen       total 143872K, used 72348K [0x00000000a0000000, 0x00000000a8c80000, 0x00000000e0000000)
  object space 143872K, 50% used [0x00000000a0000000,0x00000000a46a7340,0x00000000a8c80000)
 Metaspace       used 93487K, capacity 98200K, committed 98648K, reserved 1134592K
  class space    used 11851K, capacity 12800K, committed 12928K, reserved 1048576K
Event: 1897.693 GC heap after
Heap after GC invocations=34 (full 4):
 PSYoungGen      total 412672K, used 2078K [0x00000000e0000000, 0x00000000fbb00000, 0x0000000100000000)
  eden space 385024K, 0% used [0x00000000e0000000,0x00000000e0000000,0x00000000f7800000)
  from space 27648K, 7% used [0x00000000fa000000,0x00000000fa207b10,0x00000000fbb00000)
  to   space 34304K, 0% used [0x00000000f7800000,0x00000000f7800000,0x00000000f9980000)
 ParOldGen       total 143872K, used 72364K [0x00000000a0000000, 0x00000000a8c80000, 0x00000000e0000000)
  object space 143872K, 50% used [0x00000000a0000000,0x00000000a46ab340,0x00000000a8c80000)
 Metaspace       used 93487K, capacity 98200K, committed 98648K, reserved 1134592K
  class space    used 11851K, capacity 12800K, committed 12928K, reserved 1048576K
}
Event: 1901.948 GC heap before
{Heap before GC invocations=35 (full 4):
 PSYoungGen      total 412672K, used 387102K [0x00000000e0000000, 0x00000000fbb00000, 0x0000000100000000)
  eden space 385024K, 100% used [0x00000000e0000000,0x00000000f7800000,0x00000000f7800000)
  from space 27648K, 7% used [0x00000000fa000000,0x00000000fa207b10,0x00000000fbb00000)
  to   space 34304K, 0% used [0x00000000f7800000,0x00000000f7800000,0x00000000f9980000)
 ParOldGen       total 143872K, used 72364K [0x00000000a0000000, 0x00000000a8c80000, 0x00000000e0000000)
  object space 143872K, 50% used [0x00000000a0000000,0x00000000a46ab340,0x00000000a8c80000)
 Metaspace       used 93544K, capacity 98200K, committed 98648K, reserved 1134592K
  class space    used 11851K, capacity 12800K, committed 12928K, reserved 1048576K

